<?xml version="1.0" encoding="UTF-8"?>
<testsuite xmlns:xsi="http://www.w3.org/2001/XMLSchema-instance" xsi:noNamespaceSchemaLocation="https://maven.apache.org/surefire/maven-surefire-plugin/xsd/surefire-test-report.xsd" version="3.0.2" name="com.mycompany.task1.BankTest" time="0.094" tests="14" errors="0" skipped="0" failures="1">
  <properties>
[...]
</properties>
  <testcase name="testCreateAccount" classname="com.mycompany.task1.BankTest" time="0.024"/>
  <testcase name="testFindAccount1" classname="com.mycompany.task1.BankTest" time="0.001"/>
  <testcase name="testFindAccount2" classname="com.mycompany.task1.BankTest" time="0.001"/>
  <testcase name="testGetBalance1" classname="com.mycompany.task1.BankTest" time="0.001"/>
  <testcase name="testGetBalance2" classname="com.mycompany.task1.BankTest" time="0.006"/>
  <testcase name="testDeposit" classname="com.mycompany.task1.BankTest" time="0.001"/>
  <testcase name="testWithdraw1" classname="com.mycompany.task1.BankTest" time="0.001"/>
  <testcase name="testWithdraw2" classname="com.mycompany.task1.BankTest" time="0.001"/>
  <testcase name="testWithdraw3" classname="com.mycompany.task1.BankTest" time="0.001"/>
  <testcase name="testDeposit2" classname="com.mycompany.task1.BankTest" time="0.001"/>
  <testcase name="testTransfer1" classname="com.mycompany.task1.BankTest" time="0.0"/>
  <testcase name="testTransfer2" classname="com.mycompany.task1.BankTest" time="0.009">
    <failure message="Unexpected exception type thrown, expected: &lt;com.mycompany.task1.Bank.AccountIdException&gt; but was: &lt;com.mycompany.task1.Bank.InsufficientFundsException&gt;" type="org.opentest4j.AssertionFailedError"><![CDATA[org.opentest4j.AssertionFailedError: Unexpected exception type thrown, expected: <com.mycompany.task1.Bank.AccountIdException> but was: <com.mycompany.task1.Bank.InsufficientFundsException>
	at org.junit.jupiter.api.AssertionFailureBuilder.build(AssertionFailureBuilder.java:151)
	at org.junit.jupiter.api.AssertThrows.assertThrows(AssertThrows.java:67)
	at org.junit.jupiter.api.AssertThrows.assertThrows(AssertThrows.java:35)
	at org.junit.jupiter.api.Assertions.assertThrows(Assertions.java:3128)
	at com.mycompany.task1.BankTest.testTransfer2(BankTest.java:176)
	at java.base/java.lang.reflect.Method.invoke(Method.java:580)
	at java.base/java.util.ArrayList.forEach(ArrayList.java:1596)
	at java.base/java.util.ArrayList.forEach(ArrayList.java:1596)
Caused by: com.mycompany.task1.Bank$InsufficientFundsException
	at com.mycompany.task1.BankImpl.transfer(BankImpl.java:101)
	at com.mycompany.task1.BankTest.lambda$testTransfer2$4(BankTest.java:181)
	at org.junit.jupiter.api.AssertThrows.assertThrows(AssertThrows.java:53)
	... 6 more
]]></failure>
  </testcase>
  <testcase name="testTransfer3" classname="com.mycompany.task1.BankTest" time="0.002"/>
  <testcase name="testTransfer21" classname="com.mycompany.task1.BankTest" time="0.001"/>
</testsuite>